CRITICAL - 2021-06-17 00:09:42 --> Undefined index: posts.foto
#0 /home/BrondoL/Internship/SEVIMA_Internship/app/Controllers/Profile.php(92): CodeIgniter\Debug\Exceptions->errorHandler(8, 'Undefined index...', '/home/BrondoL/I...', 92, Array)
#1 /home/BrondoL/Internship/SEVIMA_Internship/system/CodeIgniter.php(928): App\Controllers\Profile->view_post()
#2 /home/BrondoL/Internship/SEVIMA_Internship/system/CodeIgniter.php(436): CodeIgniter\CodeIgniter->runController(Object(App\Controllers\Profile))
#3 /home/BrondoL/Internship/SEVIMA_Internship/system/CodeIgniter.php(336): CodeIgniter\CodeIgniter->handleRequest(NULL, Object(Config\Cache), false)
#4 /home/BrondoL/Internship/SEVIMA_Internship/public/index.php(37): CodeIgniter\CodeIgniter->run()
#5 /home/BrondoL/Internship/SEVIMA_Internship/system/Commands/Server/rewrite.php(45): require_once('/home/BrondoL/I...')
#6 {main}
CRITICAL - 2021-06-17 00:09:43 --> Undefined index: posts.foto
#0 /home/BrondoL/Internship/SEVIMA_Internship/app/Controllers/Profile.php(92): CodeIgniter\Debug\Exceptions->errorHandler(8, 'Undefined index...', '/home/BrondoL/I...', 92, Array)
#1 /home/BrondoL/Internship/SEVIMA_Internship/system/CodeIgniter.php(928): App\Controllers\Profile->view_post()
#2 /home/BrondoL/Internship/SEVIMA_Internship/system/CodeIgniter.php(436): CodeIgniter\CodeIgniter->runController(Object(App\Controllers\Profile))
#3 /home/BrondoL/Internship/SEVIMA_Internship/system/CodeIgniter.php(336): CodeIgniter\CodeIgniter->handleRequest(NULL, Object(Config\Cache), false)
#4 /home/BrondoL/Internship/SEVIMA_Internship/public/index.php(37): CodeIgniter\CodeIgniter->run()
#5 /home/BrondoL/Internship/SEVIMA_Internship/system/Commands/Server/rewrite.php(45): require_once('/home/BrondoL/I...')
#6 {main}
CRITICAL - 2021-06-17 00:09:43 --> Undefined index: posts.foto
#0 /home/BrondoL/Internship/SEVIMA_Internship/app/Controllers/Profile.php(92): CodeIgniter\Debug\Exceptions->errorHandler(8, 'Undefined index...', '/home/BrondoL/I...', 92, Array)
#1 /home/BrondoL/Internship/SEVIMA_Internship/system/CodeIgniter.php(928): App\Controllers\Profile->view_post()
#2 /home/BrondoL/Internship/SEVIMA_Internship/system/CodeIgniter.php(436): CodeIgniter\CodeIgniter->runController(Object(App\Controllers\Profile))
#3 /home/BrondoL/Internship/SEVIMA_Internship/system/CodeIgniter.php(336): CodeIgniter\CodeIgniter->handleRequest(NULL, Object(Config\Cache), false)
#4 /home/BrondoL/Internship/SEVIMA_Internship/public/index.php(37): CodeIgniter\CodeIgniter->run()
#5 /home/BrondoL/Internship/SEVIMA_Internship/system/Commands/Server/rewrite.php(45): require_once('/home/BrondoL/I...')
#6 {main}
CRITICAL - 2021-06-17 00:09:43 --> Undefined index: posts.foto
#0 /home/BrondoL/Internship/SEVIMA_Internship/app/Controllers/Profile.php(92): CodeIgniter\Debug\Exceptions->errorHandler(8, 'Undefined index...', '/home/BrondoL/I...', 92, Array)
#1 /home/BrondoL/Internship/SEVIMA_Internship/system/CodeIgniter.php(928): App\Controllers\Profile->view_post()
#2 /home/BrondoL/Internship/SEVIMA_Internship/system/CodeIgniter.php(436): CodeIgniter\CodeIgniter->runController(Object(App\Controllers\Profile))
#3 /home/BrondoL/Internship/SEVIMA_Internship/system/CodeIgniter.php(336): CodeIgniter\CodeIgniter->handleRequest(NULL, Object(Config\Cache), false)
#4 /home/BrondoL/Internship/SEVIMA_Internship/public/index.php(37): CodeIgniter\CodeIgniter->run()
#5 /home/BrondoL/Internship/SEVIMA_Internship/system/Commands/Server/rewrite.php(45): require_once('/home/BrondoL/I...')
#6 {main}
CRITICAL - 2021-06-17 00:09:43 --> Undefined index: posts.foto
#0 /home/BrondoL/Internship/SEVIMA_Internship/app/Controllers/Profile.php(92): CodeIgniter\Debug\Exceptions->errorHandler(8, 'Undefined index...', '/home/BrondoL/I...', 92, Array)
#1 /home/BrondoL/Internship/SEVIMA_Internship/system/CodeIgniter.php(928): App\Controllers\Profile->view_post()
#2 /home/BrondoL/Internship/SEVIMA_Internship/system/CodeIgniter.php(436): CodeIgniter\CodeIgniter->runController(Object(App\Controllers\Profile))
#3 /home/BrondoL/Internship/SEVIMA_Internship/system/CodeIgniter.php(336): CodeIgniter\CodeIgniter->handleRequest(NULL, Object(Config\Cache), false)
#4 /home/BrondoL/Internship/SEVIMA_Internship/public/index.php(37): CodeIgniter\CodeIgniter->run()
#5 /home/BrondoL/Internship/SEVIMA_Internship/system/Commands/Server/rewrite.php(45): require_once('/home/BrondoL/I...')
#6 {main}
CRITICAL - 2021-06-17 00:11:25 --> Undefined index: foto
#0 /home/BrondoL/Internship/SEVIMA_Internship/app/Views/users/v_profile/index.php(75): CodeIgniter\Debug\Exceptions->errorHandler(8, 'Undefined index...', '/home/BrondoL/I...', 75, Array)
#1 /home/BrondoL/Internship/SEVIMA_Internship/system/View/View.php(230): include('/home/BrondoL/I...')
#2 /home/BrondoL/Internship/SEVIMA_Internship/system/View/View.php(232): CodeIgniter\View\View->CodeIgniter\View\{closure}()
#3 /home/BrondoL/Internship/SEVIMA_Internship/system/Common.php(1271): CodeIgniter\View\View->render('users/v_profile...', Array, true)
#4 /home/BrondoL/Internship/SEVIMA_Internship/app/Controllers/Profile.php(16): view('users/v_profile...', Array)
#5 /home/BrondoL/Internship/SEVIMA_Internship/system/CodeIgniter.php(928): App\Controllers\Profile->index(Array)
#6 /home/BrondoL/Internship/SEVIMA_Internship/system/CodeIgniter.php(436): CodeIgniter\CodeIgniter->runController(Object(App\Controllers\Profile))
#7 /home/BrondoL/Internship/SEVIMA_Internship/system/CodeIgniter.php(336): CodeIgniter\CodeIgniter->handleRequest(NULL, Object(Config\Cache), false)
#8 /home/BrondoL/Internship/SEVIMA_Internship/public/index.php(37): CodeIgniter\CodeIgniter->run()
#9 /home/BrondoL/Internship/SEVIMA_Internship/system/Commands/Server/rewrite.php(45): require_once('/home/BrondoL/I...')
#10 {main}
CRITICAL - 2021-06-17 00:47:38 --> Undefined property: App\Controllers\Profile::$PostModel
#0 /home/BrondoL/Internship/SEVIMA_Internship/app/Controllers/Profile.php(11): CodeIgniter\Debug\Exceptions->errorHandler(8, 'Undefined prope...', '/home/BrondoL/I...', 11, Array)
#1 /home/BrondoL/Internship/SEVIMA_Internship/system/CodeIgniter.php(928): App\Controllers\Profile->index(Array)
#2 /home/BrondoL/Internship/SEVIMA_Internship/system/CodeIgniter.php(436): CodeIgniter\CodeIgniter->runController(Object(App\Controllers\Profile))
#3 /home/BrondoL/Internship/SEVIMA_Internship/system/CodeIgniter.php(336): CodeIgniter\CodeIgniter->handleRequest(NULL, Object(Config\Cache), false)
#4 /home/BrondoL/Internship/SEVIMA_Internship/public/index.php(37): CodeIgniter\CodeIgniter->run()
#5 /home/BrondoL/Internship/SEVIMA_Internship/system/Commands/Server/rewrite.php(45): require_once('/home/BrondoL/I...')
#6 {main}
CRITICAL - 2021-06-17 00:47:45 --> Call to undefined method App\Models\PostsModel::countAllResult
#0 /home/BrondoL/Internship/SEVIMA_Internship/app/Controllers/Profile.php(11): CodeIgniter\Model->__call('countAllResult', Array)
#1 /home/BrondoL/Internship/SEVIMA_Internship/system/CodeIgniter.php(928): App\Controllers\Profile->index(Array)
#2 /home/BrondoL/Internship/SEVIMA_Internship/system/CodeIgniter.php(436): CodeIgniter\CodeIgniter->runController(Object(App\Controllers\Profile))
#3 /home/BrondoL/Internship/SEVIMA_Internship/system/CodeIgniter.php(336): CodeIgniter\CodeIgniter->handleRequest(NULL, Object(Config\Cache), false)
#4 /home/BrondoL/Internship/SEVIMA_Internship/public/index.php(37): CodeIgniter\CodeIgniter->run()
#5 /home/BrondoL/Internship/SEVIMA_Internship/system/Commands/Server/rewrite.php(45): require_once('/home/BrondoL/I...')
#6 {main}
CRITICAL - 2021-06-17 01:24:31 --> Too few arguments to function App\Controllers\Profile::index(), 0 passed in /home/BrondoL/Internship/SEVIMA_Internship/system/CodeIgniter.php on line 928 and exactly 1 expected
#0 /home/BrondoL/Internship/SEVIMA_Internship/system/CodeIgniter.php(928): App\Controllers\Profile->index()
#1 /home/BrondoL/Internship/SEVIMA_Internship/system/CodeIgniter.php(436): CodeIgniter\CodeIgniter->runController(Object(App\Controllers\Profile))
#2 /home/BrondoL/Internship/SEVIMA_Internship/system/CodeIgniter.php(336): CodeIgniter\CodeIgniter->handleRequest(NULL, Object(Config\Cache), false)
#3 /home/BrondoL/Internship/SEVIMA_Internship/public/index.php(37): CodeIgniter\CodeIgniter->run()
#4 /home/BrondoL/Internship/SEVIMA_Internship/system/Commands/Server/rewrite.php(45): require_once('/home/BrondoL/I...')
#5 {main}
CRITICAL - 2021-06-17 03:18:20 --> Undefined variable: foto_user
#0 /home/BrondoL/Internship/SEVIMA_Internship/app/Views/users/v_profile/komen.php(4): CodeIgniter\Debug\Exceptions->errorHandler(8, 'Undefined varia...', '/home/BrondoL/I...', 4, Array)
#1 /home/BrondoL/Internship/SEVIMA_Internship/system/View/View.php(230): include('/home/BrondoL/I...')
#2 /home/BrondoL/Internship/SEVIMA_Internship/system/View/View.php(232): CodeIgniter\View\View->CodeIgniter\View\{closure}()
#3 /home/BrondoL/Internship/SEVIMA_Internship/system/Common.php(1271): CodeIgniter\View\View->render('users/v_profile...', Array, true)
#4 /home/BrondoL/Internship/SEVIMA_Internship/app/Controllers/Action.php(78): view('users/v_profile...', Array)
#5 /home/BrondoL/Internship/SEVIMA_Internship/system/CodeIgniter.php(928): App\Controllers\Action->fetch_komen('1')
#6 /home/BrondoL/Internship/SEVIMA_Internship/system/CodeIgniter.php(436): CodeIgniter\CodeIgniter->runController(Object(App\Controllers\Action))
#7 /home/BrondoL/Internship/SEVIMA_Internship/system/CodeIgniter.php(336): CodeIgniter\CodeIgniter->handleRequest(NULL, Object(Config\Cache), false)
#8 /home/BrondoL/Internship/SEVIMA_Internship/public/index.php(37): CodeIgniter\CodeIgniter->run()
#9 /home/BrondoL/Internship/SEVIMA_Internship/system/Commands/Server/rewrite.php(45): require_once('/home/BrondoL/I...')
#10 {main}
CRITICAL - 2021-06-17 03:35:20 --> Undefined index: id_komen
#0 /home/BrondoL/Internship/SEVIMA_Internship/app/Views/users/v_profile/komen.php(9): CodeIgniter\Debug\Exceptions->errorHandler(8, 'Undefined index...', '/home/BrondoL/I...', 9, Array)
#1 /home/BrondoL/Internship/SEVIMA_Internship/system/View/View.php(230): include('/home/BrondoL/I...')
#2 /home/BrondoL/Internship/SEVIMA_Internship/system/View/View.php(232): CodeIgniter\View\View->CodeIgniter\View\{closure}()
#3 /home/BrondoL/Internship/SEVIMA_Internship/system/Common.php(1271): CodeIgniter\View\View->render('users/v_profile...', Array, true)
#4 /home/BrondoL/Internship/SEVIMA_Internship/app/Controllers/Action.php(78): view('users/v_profile...', Array)
#5 /home/BrondoL/Internship/SEVIMA_Internship/system/CodeIgniter.php(928): App\Controllers\Action->fetch_komen('2')
#6 /home/BrondoL/Internship/SEVIMA_Internship/system/CodeIgniter.php(436): CodeIgniter\CodeIgniter->runController(Object(App\Controllers\Action))
#7 /home/BrondoL/Internship/SEVIMA_Internship/system/CodeIgniter.php(336): CodeIgniter\CodeIgniter->handleRequest(NULL, Object(Config\Cache), false)
#8 /home/BrondoL/Internship/SEVIMA_Internship/public/index.php(37): CodeIgniter\CodeIgniter->run()
#9 /home/BrondoL/Internship/SEVIMA_Internship/system/Commands/Server/rewrite.php(45): require_once('/home/BrondoL/I...')
#10 {main}
CRITICAL - 2021-06-17 03:35:22 --> Undefined index: id_komen
#0 /home/BrondoL/Internship/SEVIMA_Internship/app/Views/users/v_profile/komen.php(9): CodeIgniter\Debug\Exceptions->errorHandler(8, 'Undefined index...', '/home/BrondoL/I...', 9, Array)
#1 /home/BrondoL/Internship/SEVIMA_Internship/system/View/View.php(230): include('/home/BrondoL/I...')
#2 /home/BrondoL/Internship/SEVIMA_Internship/system/View/View.php(232): CodeIgniter\View\View->CodeIgniter\View\{closure}()
#3 /home/BrondoL/Internship/SEVIMA_Internship/system/Common.php(1271): CodeIgniter\View\View->render('users/v_profile...', Array, true)
#4 /home/BrondoL/Internship/SEVIMA_Internship/app/Controllers/Action.php(78): view('users/v_profile...', Array)
#5 /home/BrondoL/Internship/SEVIMA_Internship/system/CodeIgniter.php(928): App\Controllers\Action->fetch_komen('1')
#6 /home/BrondoL/Internship/SEVIMA_Internship/system/CodeIgniter.php(436): CodeIgniter\CodeIgniter->runController(Object(App\Controllers\Action))
#7 /home/BrondoL/Internship/SEVIMA_Internship/system/CodeIgniter.php(336): CodeIgniter\CodeIgniter->handleRequest(NULL, Object(Config\Cache), false)
#8 /home/BrondoL/Internship/SEVIMA_Internship/public/index.php(37): CodeIgniter\CodeIgniter->run()
#9 /home/BrondoL/Internship/SEVIMA_Internship/system/Commands/Server/rewrite.php(45): require_once('/home/BrondoL/I...')
#10 {main}
CRITICAL - 2021-06-17 05:52:45 --> Undefined variable: title
#0 /home/BrondoL/Internship/SEVIMA_Internship/app/Views/users/v_home/index.php(33): CodeIgniter\Debug\Exceptions->errorHandler(8, 'Undefined varia...', '/home/BrondoL/I...', 33, Array)
#1 /home/BrondoL/Internship/SEVIMA_Internship/system/View/View.php(230): include('/home/BrondoL/I...')
#2 /home/BrondoL/Internship/SEVIMA_Internship/system/View/View.php(232): CodeIgniter\View\View->CodeIgniter\View\{closure}()
#3 /home/BrondoL/Internship/SEVIMA_Internship/system/Common.php(1271): CodeIgniter\View\View->render('users/v_home/in...', Array, true)
#4 /home/BrondoL/Internship/SEVIMA_Internship/app/Controllers/Home.php(9): view('users/v_home/in...')
#5 /home/BrondoL/Internship/SEVIMA_Internship/system/CodeIgniter.php(928): App\Controllers\Home->index()
#6 /home/BrondoL/Internship/SEVIMA_Internship/system/CodeIgniter.php(436): CodeIgniter\CodeIgniter->runController(Object(App\Controllers\Home))
#7 /home/BrondoL/Internship/SEVIMA_Internship/system/CodeIgniter.php(336): CodeIgniter\CodeIgniter->handleRequest(NULL, Object(Config\Cache), false)
#8 /home/BrondoL/Internship/SEVIMA_Internship/public/index.php(37): CodeIgniter\CodeIgniter->run()
#9 /home/BrondoL/Internship/SEVIMA_Internship/system/Commands/Server/rewrite.php(45): require_once('/home/BrondoL/I...')
#10 {main}
CRITICAL - 2021-06-17 06:00:52 --> Undefined variable: p
#0 /home/BrondoL/Internship/SEVIMA_Internship/app/Views/users/v_home/index.php(60): CodeIgniter\Debug\Exceptions->errorHandler(8, 'Undefined varia...', '/home/BrondoL/I...', 60, Array)
#1 /home/BrondoL/Internship/SEVIMA_Internship/system/View/View.php(230): include('/home/BrondoL/I...')
#2 /home/BrondoL/Internship/SEVIMA_Internship/system/View/View.php(232): CodeIgniter\View\View->CodeIgniter\View\{closure}()
#3 /home/BrondoL/Internship/SEVIMA_Internship/system/Common.php(1271): CodeIgniter\View\View->render('users/v_home/in...', Array, true)
#4 /home/BrondoL/Internship/SEVIMA_Internship/app/Controllers/Home.php(12): view('users/v_home/in...', Array)
#5 /home/BrondoL/Internship/SEVIMA_Internship/system/CodeIgniter.php(928): App\Controllers\Home->index()
#6 /home/BrondoL/Internship/SEVIMA_Internship/system/CodeIgniter.php(436): CodeIgniter\CodeIgniter->runController(Object(App\Controllers\Home))
#7 /home/BrondoL/Internship/SEVIMA_Internship/system/CodeIgniter.php(336): CodeIgniter\CodeIgniter->handleRequest(NULL, Object(Config\Cache), false)
#8 /home/BrondoL/Internship/SEVIMA_Internship/public/index.php(37): CodeIgniter\CodeIgniter->run()
#9 /home/BrondoL/Internship/SEVIMA_Internship/system/Commands/Server/rewrite.php(45): require_once('/home/BrondoL/I...')
#10 {main}
CRITICAL - 2021-06-17 06:04:36 --> Undefined variable: p
#0 /home/BrondoL/Internship/SEVIMA_Internship/app/Views/users/v_home/index.php(60): CodeIgniter\Debug\Exceptions->errorHandler(8, 'Undefined varia...', '/home/BrondoL/I...', 60, Array)
#1 /home/BrondoL/Internship/SEVIMA_Internship/system/View/View.php(230): include('/home/BrondoL/I...')
#2 /home/BrondoL/Internship/SEVIMA_Internship/system/View/View.php(232): CodeIgniter\View\View->CodeIgniter\View\{closure}()
#3 /home/BrondoL/Internship/SEVIMA_Internship/system/Common.php(1271): CodeIgniter\View\View->render('users/v_home/in...', Array, true)
#4 /home/BrondoL/Internship/SEVIMA_Internship/app/Controllers/Home.php(14): view('users/v_home/in...', Array)
#5 /home/BrondoL/Internship/SEVIMA_Internship/system/CodeIgniter.php(928): App\Controllers\Home->index()
#6 /home/BrondoL/Internship/SEVIMA_Internship/system/CodeIgniter.php(436): CodeIgniter\CodeIgniter->runController(Object(App\Controllers\Home))
#7 /home/BrondoL/Internship/SEVIMA_Internship/system/CodeIgniter.php(336): CodeIgniter\CodeIgniter->handleRequest(NULL, Object(Config\Cache), false)
#8 /home/BrondoL/Internship/SEVIMA_Internship/public/index.php(37): CodeIgniter\CodeIgniter->run()
#9 /home/BrondoL/Internship/SEVIMA_Internship/system/Commands/Server/rewrite.php(45): require_once('/home/BrondoL/I...')
#10 {main}
CRITICAL - 2021-06-17 06:12:38 --> Undefined variable: author
#0 /home/BrondoL/Internship/SEVIMA_Internship/app/Views/users/v_home/index.php(60): CodeIgniter\Debug\Exceptions->errorHandler(8, 'Undefined varia...', '/home/BrondoL/I...', 60, Array)
#1 /home/BrondoL/Internship/SEVIMA_Internship/system/View/View.php(230): include('/home/BrondoL/I...')
#2 /home/BrondoL/Internship/SEVIMA_Internship/system/View/View.php(232): CodeIgniter\View\View->CodeIgniter\View\{closure}()
#3 /home/BrondoL/Internship/SEVIMA_Internship/system/Common.php(1271): CodeIgniter\View\View->render('users/v_home/in...', Array, true)
#4 /home/BrondoL/Internship/SEVIMA_Internship/app/Controllers/Home.php(14): view('users/v_home/in...', Array)
#5 /home/BrondoL/Internship/SEVIMA_Internship/system/CodeIgniter.php(928): App\Controllers\Home->index()
#6 /home/BrondoL/Internship/SEVIMA_Internship/system/CodeIgniter.php(436): CodeIgniter\CodeIgniter->runController(Object(App\Controllers\Home))
#7 /home/BrondoL/Internship/SEVIMA_Internship/system/CodeIgniter.php(336): CodeIgniter\CodeIgniter->handleRequest(NULL, Object(Config\Cache), false)
#8 /home/BrondoL/Internship/SEVIMA_Internship/public/index.php(37): CodeIgniter\CodeIgniter->run()
#9 /home/BrondoL/Internship/SEVIMA_Internship/system/Commands/Server/rewrite.php(45): require_once('/home/BrondoL/I...')
#10 {main}
CRITICAL - 2021-06-17 06:16:17 --> Undefined variable: author
#0 /home/BrondoL/Internship/SEVIMA_Internship/app/Views/users/v_profile/index.php(64): CodeIgniter\Debug\Exceptions->errorHandler(8, 'Undefined varia...', '/home/BrondoL/I...', 64, Array)
#1 /home/BrondoL/Internship/SEVIMA_Internship/system/View/View.php(230): include('/home/BrondoL/I...')
#2 /home/BrondoL/Internship/SEVIMA_Internship/system/View/View.php(232): CodeIgniter\View\View->CodeIgniter\View\{closure}()
#3 /home/BrondoL/Internship/SEVIMA_Internship/system/Common.php(1271): CodeIgniter\View\View->render('users/v_profile...', Array, true)
#4 /home/BrondoL/Internship/SEVIMA_Internship/app/Controllers/Profile.php(19): view('users/v_profile...', Array)
#5 /home/BrondoL/Internship/SEVIMA_Internship/system/CodeIgniter.php(928): App\Controllers\Profile->index(Array)
#6 /home/BrondoL/Internship/SEVIMA_Internship/system/CodeIgniter.php(436): CodeIgniter\CodeIgniter->runController(Object(App\Controllers\Profile))
#7 /home/BrondoL/Internship/SEVIMA_Internship/system/CodeIgniter.php(336): CodeIgniter\CodeIgniter->handleRequest(NULL, Object(Config\Cache), false)
#8 /home/BrondoL/Internship/SEVIMA_Internship/public/index.php(37): CodeIgniter\CodeIgniter->run()
#9 /home/BrondoL/Internship/SEVIMA_Internship/system/Commands/Server/rewrite.php(45): require_once('/home/BrondoL/I...')
#10 {main}
CRITICAL - 2021-06-17 06:18:44 --> Undefined variable: cek_like
#0 /home/BrondoL/Internship/SEVIMA_Internship/app/Views/users/v_home/index.php(67): CodeIgniter\Debug\Exceptions->errorHandler(8, 'Undefined varia...', '/home/BrondoL/I...', 67, Array)
#1 /home/BrondoL/Internship/SEVIMA_Internship/system/View/View.php(230): include('/home/BrondoL/I...')
#2 /home/BrondoL/Internship/SEVIMA_Internship/system/View/View.php(232): CodeIgniter\View\View->CodeIgniter\View\{closure}()
#3 /home/BrondoL/Internship/SEVIMA_Internship/system/Common.php(1271): CodeIgniter\View\View->render('users/v_home/in...', Array, true)
#4 /home/BrondoL/Internship/SEVIMA_Internship/app/Controllers/Home.php(14): view('users/v_home/in...', Array)
#5 /home/BrondoL/Internship/SEVIMA_Internship/system/CodeIgniter.php(928): App\Controllers\Home->index()
#6 /home/BrondoL/Internship/SEVIMA_Internship/system/CodeIgniter.php(436): CodeIgniter\CodeIgniter->runController(Object(App\Controllers\Home))
#7 /home/BrondoL/Internship/SEVIMA_Internship/system/CodeIgniter.php(336): CodeIgniter\CodeIgniter->handleRequest(NULL, Object(Config\Cache), false)
#8 /home/BrondoL/Internship/SEVIMA_Internship/public/index.php(37): CodeIgniter\CodeIgniter->run()
#9 /home/BrondoL/Internship/SEVIMA_Internship/system/Commands/Server/rewrite.php(45): require_once('/home/BrondoL/I...')
#10 {main}
CRITICAL - 2021-06-17 06:20:31 --> Undefined variable: id
#0 /home/BrondoL/Internship/SEVIMA_Internship/app/Views/users/v_home/index.php(67): CodeIgniter\Debug\Exceptions->errorHandler(8, 'Undefined varia...', '/home/BrondoL/I...', 67, Array)
#1 /home/BrondoL/Internship/SEVIMA_Internship/system/View/View.php(230): include('/home/BrondoL/I...')
#2 /home/BrondoL/Internship/SEVIMA_Internship/system/View/View.php(232): CodeIgniter\View\View->CodeIgniter\View\{closure}()
#3 /home/BrondoL/Internship/SEVIMA_Internship/system/Common.php(1271): CodeIgniter\View\View->render('users/v_home/in...', Array, true)
#4 /home/BrondoL/Internship/SEVIMA_Internship/app/Controllers/Home.php(15): view('users/v_home/in...', Array)
#5 /home/BrondoL/Internship/SEVIMA_Internship/system/CodeIgniter.php(928): App\Controllers\Home->index()
#6 /home/BrondoL/Internship/SEVIMA_Internship/system/CodeIgniter.php(436): CodeIgniter\CodeIgniter->runController(Object(App\Controllers\Home))
#7 /home/BrondoL/Internship/SEVIMA_Internship/system/CodeIgniter.php(336): CodeIgniter\CodeIgniter->handleRequest(NULL, Object(Config\Cache), false)
#8 /home/BrondoL/Internship/SEVIMA_Internship/public/index.php(37): CodeIgniter\CodeIgniter->run()
#9 /home/BrondoL/Internship/SEVIMA_Internship/system/Commands/Server/rewrite.php(45): require_once('/home/BrondoL/I...')
#10 {main}
CRITICAL - 2021-06-17 06:24:15 --> Undefined property: CodeIgniter\View\View::$LikesModel
#0 /home/BrondoL/Internship/SEVIMA_Internship/app/Views/users/v_home/index.php(73): CodeIgniter\Debug\Exceptions->errorHandler(8, 'Undefined prope...', '/home/BrondoL/I...', 73, Array)
#1 /home/BrondoL/Internship/SEVIMA_Internship/system/View/View.php(230): include('/home/BrondoL/I...')
#2 /home/BrondoL/Internship/SEVIMA_Internship/system/View/View.php(232): CodeIgniter\View\View->CodeIgniter\View\{closure}()
#3 /home/BrondoL/Internship/SEVIMA_Internship/system/Common.php(1271): CodeIgniter\View\View->render('users/v_home/in...', Array, true)
#4 /home/BrondoL/Internship/SEVIMA_Internship/app/Controllers/Home.php(15): view('users/v_home/in...', Array)
#5 /home/BrondoL/Internship/SEVIMA_Internship/system/CodeIgniter.php(928): App\Controllers\Home->index()
#6 /home/BrondoL/Internship/SEVIMA_Internship/system/CodeIgniter.php(436): CodeIgniter\CodeIgniter->runController(Object(App\Controllers\Home))
#7 /home/BrondoL/Internship/SEVIMA_Internship/system/CodeIgniter.php(336): CodeIgniter\CodeIgniter->handleRequest(NULL, Object(Config\Cache), false)
#8 /home/BrondoL/Internship/SEVIMA_Internship/public/index.php(37): CodeIgniter\CodeIgniter->run()
#9 /home/BrondoL/Internship/SEVIMA_Internship/system/Commands/Server/rewrite.php(45): require_once('/home/BrondoL/I...')
#10 {main}
CRITICAL - 2021-06-17 06:34:38 --> Undefined index: foto
#0 /home/BrondoL/Internship/SEVIMA_Internship/app/Views/users/v_home/index.php(82): CodeIgniter\Debug\Exceptions->errorHandler(8, 'Undefined index...', '/home/BrondoL/I...', 82, Array)
#1 /home/BrondoL/Internship/SEVIMA_Internship/system/View/View.php(230): include('/home/BrondoL/I...')
#2 /home/BrondoL/Internship/SEVIMA_Internship/system/View/View.php(232): CodeIgniter\View\View->CodeIgniter\View\{closure}()
#3 /home/BrondoL/Internship/SEVIMA_Internship/system/Common.php(1271): CodeIgniter\View\View->render('users/v_home/in...', Array, true)
#4 /home/BrondoL/Internship/SEVIMA_Internship/app/Controllers/Home.php(17): view('users/v_home/in...', Array)
#5 /home/BrondoL/Internship/SEVIMA_Internship/system/CodeIgniter.php(928): App\Controllers\Home->index()
#6 /home/BrondoL/Internship/SEVIMA_Internship/system/CodeIgniter.php(436): CodeIgniter\CodeIgniter->runController(Object(App\Controllers\Home))
#7 /home/BrondoL/Internship/SEVIMA_Internship/system/CodeIgniter.php(336): CodeIgniter\CodeIgniter->handleRequest(NULL, Object(Config\Cache), false)
#8 /home/BrondoL/Internship/SEVIMA_Internship/public/index.php(37): CodeIgniter\CodeIgniter->run()
#9 /home/BrondoL/Internship/SEVIMA_Internship/system/Commands/Server/rewrite.php(45): require_once('/home/BrondoL/I...')
#10 {main}
CRITICAL - 2021-06-17 06:37:32 --> Undefined index: foto
#0 /home/BrondoL/Internship/SEVIMA_Internship/app/Views/users/v_home/index.php(83): CodeIgniter\Debug\Exceptions->errorHandler(8, 'Undefined index...', '/home/BrondoL/I...', 83, Array)
#1 /home/BrondoL/Internship/SEVIMA_Internship/system/View/View.php(230): include('/home/BrondoL/I...')
#2 /home/BrondoL/Internship/SEVIMA_Internship/system/View/View.php(232): CodeIgniter\View\View->CodeIgniter\View\{closure}()
#3 /home/BrondoL/Internship/SEVIMA_Internship/system/Common.php(1271): CodeIgniter\View\View->render('users/v_home/in...', Array, true)
#4 /home/BrondoL/Internship/SEVIMA_Internship/app/Controllers/Home.php(17): view('users/v_home/in...', Array)
#5 /home/BrondoL/Internship/SEVIMA_Internship/system/CodeIgniter.php(928): App\Controllers\Home->index()
#6 /home/BrondoL/Internship/SEVIMA_Internship/system/CodeIgniter.php(436): CodeIgniter\CodeIgniter->runController(Object(App\Controllers\Home))
#7 /home/BrondoL/Internship/SEVIMA_Internship/system/CodeIgniter.php(336): CodeIgniter\CodeIgniter->handleRequest(NULL, Object(Config\Cache), false)
#8 /home/BrondoL/Internship/SEVIMA_Internship/public/index.php(37): CodeIgniter\CodeIgniter->run()
#9 /home/BrondoL/Internship/SEVIMA_Internship/system/Commands/Server/rewrite.php(45): require_once('/home/BrondoL/I...')
#10 {main}
CRITICAL - 2021-06-17 06:37:38 --> Call to undefined function dump()
#0 /home/BrondoL/Internship/SEVIMA_Internship/system/View/View.php(230): include()
#1 /home/BrondoL/Internship/SEVIMA_Internship/system/View/View.php(232): CodeIgniter\View\View->CodeIgniter\View\{closure}()
#2 /home/BrondoL/Internship/SEVIMA_Internship/system/Common.php(1271): CodeIgniter\View\View->render('users/v_home/in...', Array, true)
#3 /home/BrondoL/Internship/SEVIMA_Internship/app/Controllers/Home.php(17): view('users/v_home/in...', Array)
#4 /home/BrondoL/Internship/SEVIMA_Internship/system/CodeIgniter.php(928): App\Controllers\Home->index()
#5 /home/BrondoL/Internship/SEVIMA_Internship/system/CodeIgniter.php(436): CodeIgniter\CodeIgniter->runController(Object(App\Controllers\Home))
#6 /home/BrondoL/Internship/SEVIMA_Internship/system/CodeIgniter.php(336): CodeIgniter\CodeIgniter->handleRequest(NULL, Object(Config\Cache), false)
#7 /home/BrondoL/Internship/SEVIMA_Internship/public/index.php(37): CodeIgniter\CodeIgniter->run()
#8 /home/BrondoL/Internship/SEVIMA_Internship/system/Commands/Server/rewrite.php(45): require_once('/home/BrondoL/I...')
#9 {main}
CRITICAL - 2021-06-17 06:37:44 --> Undefined index: foto
#0 /home/BrondoL/Internship/SEVIMA_Internship/app/Views/users/v_home/index.php(83): CodeIgniter\Debug\Exceptions->errorHandler(8, 'Undefined index...', '/home/BrondoL/I...', 83, Array)
#1 /home/BrondoL/Internship/SEVIMA_Internship/system/View/View.php(230): include('/home/BrondoL/I...')
#2 /home/BrondoL/Internship/SEVIMA_Internship/system/View/View.php(232): CodeIgniter\View\View->CodeIgniter\View\{closure}()
#3 /home/BrondoL/Internship/SEVIMA_Internship/system/Common.php(1271): CodeIgniter\View\View->render('users/v_home/in...', Array, true)
#4 /home/BrondoL/Internship/SEVIMA_Internship/app/Controllers/Home.php(17): view('users/v_home/in...', Array)
#5 /home/BrondoL/Internship/SEVIMA_Internship/system/CodeIgniter.php(928): App\Controllers\Home->index()
#6 /home/BrondoL/Internship/SEVIMA_Internship/system/CodeIgniter.php(436): CodeIgniter\CodeIgniter->runController(Object(App\Controllers\Home))
#7 /home/BrondoL/Internship/SEVIMA_Internship/system/CodeIgniter.php(336): CodeIgniter\CodeIgniter->handleRequest(NULL, Object(Config\Cache), false)
#8 /home/BrondoL/Internship/SEVIMA_Internship/public/index.php(37): CodeIgniter\CodeIgniter->run()
#9 /home/BrondoL/Internship/SEVIMA_Internship/system/Commands/Server/rewrite.php(45): require_once('/home/BrondoL/I...')
#10 {main}
CRITICAL - 2021-06-17 06:53:35 --> Undefined property: CodeIgniter\View\View::$LikesModel
#0 /home/BrondoL/Internship/SEVIMA_Internship/app/Views/users/v_home/index.php(66): CodeIgniter\Debug\Exceptions->errorHandler(8, 'Undefined prope...', '/home/BrondoL/I...', 66, Array)
#1 /home/BrondoL/Internship/SEVIMA_Internship/system/View/View.php(230): include('/home/BrondoL/I...')
#2 /home/BrondoL/Internship/SEVIMA_Internship/system/View/View.php(232): CodeIgniter\View\View->CodeIgniter\View\{closure}()
#3 /home/BrondoL/Internship/SEVIMA_Internship/system/Common.php(1271): CodeIgniter\View\View->render('users/v_home/in...', Array, true)
#4 /home/BrondoL/Internship/SEVIMA_Internship/app/Controllers/Home.php(17): view('users/v_home/in...', Array)
#5 /home/BrondoL/Internship/SEVIMA_Internship/system/CodeIgniter.php(928): App\Controllers\Home->index()
#6 /home/BrondoL/Internship/SEVIMA_Internship/system/CodeIgniter.php(436): CodeIgniter\CodeIgniter->runController(Object(App\Controllers\Home))
#7 /home/BrondoL/Internship/SEVIMA_Internship/system/CodeIgniter.php(336): CodeIgniter\CodeIgniter->handleRequest(NULL, Object(Config\Cache), false)
#8 /home/BrondoL/Internship/SEVIMA_Internship/public/index.php(37): CodeIgniter\CodeIgniter->run()
#9 /home/BrondoL/Internship/SEVIMA_Internship/system/Commands/Server/rewrite.php(45): require_once('/home/BrondoL/I...')
#10 {main}
CRITICAL - 2021-06-17 07:25:27 --> Undefined variable: id
#0 /home/BrondoL/Internship/SEVIMA_Internship/app/Views/users/v_home/index.php(190): CodeIgniter\Debug\Exceptions->errorHandler(8, 'Undefined varia...', '/home/BrondoL/I...', 190, Array)
#1 /home/BrondoL/Internship/SEVIMA_Internship/system/View/View.php(230): include('/home/BrondoL/I...')
#2 /home/BrondoL/Internship/SEVIMA_Internship/system/View/View.php(232): CodeIgniter\View\View->CodeIgniter\View\{closure}()
#3 /home/BrondoL/Internship/SEVIMA_Internship/system/Common.php(1271): CodeIgniter\View\View->render('users/v_home/in...', Array, true)
#4 /home/BrondoL/Internship/SEVIMA_Internship/app/Controllers/Home.php(17): view('users/v_home/in...', Array)
#5 /home/BrondoL/Internship/SEVIMA_Internship/system/CodeIgniter.php(928): App\Controllers\Home->index()
#6 /home/BrondoL/Internship/SEVIMA_Internship/system/CodeIgniter.php(436): CodeIgniter\CodeIgniter->runController(Object(App\Controllers\Home))
#7 /home/BrondoL/Internship/SEVIMA_Internship/system/CodeIgniter.php(336): CodeIgniter\CodeIgniter->handleRequest(NULL, Object(Config\Cache), false)
#8 /home/BrondoL/Internship/SEVIMA_Internship/public/index.php(37): CodeIgniter\CodeIgniter->run()
#9 /home/BrondoL/Internship/SEVIMA_Internship/system/Commands/Server/rewrite.php(45): require_once('/home/BrondoL/I...')
#10 {main}
CRITICAL - 2021-06-17 07:36:55 --> include(users/v_layout/header): failed to open stream: No such file or directory
#0 /home/BrondoL/Internship/SEVIMA_Internship/app/Views/users/v_home/index.php(1): CodeIgniter\Debug\Exceptions->errorHandler(2, 'include(users/v...', '/home/BrondoL/I...', 1, Array)
#1 /home/BrondoL/Internship/SEVIMA_Internship/app/Views/users/v_home/index.php(1): include()
#2 /home/BrondoL/Internship/SEVIMA_Internship/system/View/View.php(230): include('/home/BrondoL/I...')
#3 /home/BrondoL/Internship/SEVIMA_Internship/system/View/View.php(232): CodeIgniter\View\View->CodeIgniter\View\{closure}()
#4 /home/BrondoL/Internship/SEVIMA_Internship/system/Common.php(1271): CodeIgniter\View\View->render('users/v_home/in...', Array, true)
#5 /home/BrondoL/Internship/SEVIMA_Internship/app/Controllers/Home.php(17): view('users/v_home/in...', Array)
#6 /home/BrondoL/Internship/SEVIMA_Internship/system/CodeIgniter.php(928): App\Controllers\Home->index()
#7 /home/BrondoL/Internship/SEVIMA_Internship/system/CodeIgniter.php(436): CodeIgniter\CodeIgniter->runController(Object(App\Controllers\Home))
#8 /home/BrondoL/Internship/SEVIMA_Internship/system/CodeIgniter.php(336): CodeIgniter\CodeIgniter->handleRequest(NULL, Object(Config\Cache), false)
#9 /home/BrondoL/Internship/SEVIMA_Internship/public/index.php(37): CodeIgniter\CodeIgniter->run()
#10 /home/BrondoL/Internship/SEVIMA_Internship/system/Commands/Server/rewrite.php(45): require_once('/home/BrondoL/I...')
#11 {main}
