CRITICAL - 2021-06-16 04:14:42 --> Invalid file: users/v_auth.php
#0 /home/BrondoL/Internship/SEVIMA_Internship/system/View/View.php(213): CodeIgniter\Exceptions\FrameworkException::forInvalidFile('users/v_auth.ph...')
#1 /home/BrondoL/Internship/SEVIMA_Internship/system/Common.php(1271): CodeIgniter\View\View->render('users/v_auth', Array, true)
#2 /home/BrondoL/Internship/SEVIMA_Internship/app/Controllers/Auth.php(9): view('users/v_auth')
#3 /home/BrondoL/Internship/SEVIMA_Internship/system/CodeIgniter.php(928): App\Controllers\Auth->index()
#4 /home/BrondoL/Internship/SEVIMA_Internship/system/CodeIgniter.php(436): CodeIgniter\CodeIgniter->runController(Object(App\Controllers\Auth))
#5 /home/BrondoL/Internship/SEVIMA_Internship/system/CodeIgniter.php(336): CodeIgniter\CodeIgniter->handleRequest(NULL, Object(Config\Cache), false)
#6 /home/BrondoL/Internship/SEVIMA_Internship/public/index.php(37): CodeIgniter\CodeIgniter->run()
#7 /home/BrondoL/Internship/SEVIMA_Internship/system/Commands/Server/rewrite.php(45): require_once('/home/BrondoL/I...')
#8 {main}
CRITICAL - 2021-06-16 04:15:24 --> Invalid file: users/v_auth.php
#0 /home/BrondoL/Internship/SEVIMA_Internship/system/View/View.php(213): CodeIgniter\Exceptions\FrameworkException::forInvalidFile('users/v_auth.ph...')
#1 /home/BrondoL/Internship/SEVIMA_Internship/system/Common.php(1271): CodeIgniter\View\View->render('users/v_auth', Array, true)
#2 /home/BrondoL/Internship/SEVIMA_Internship/app/Controllers/Auth.php(9): view('users/v_auth')
#3 /home/BrondoL/Internship/SEVIMA_Internship/system/CodeIgniter.php(928): App\Controllers\Auth->index()
#4 /home/BrondoL/Internship/SEVIMA_Internship/system/CodeIgniter.php(436): CodeIgniter\CodeIgniter->runController(Object(App\Controllers\Auth))
#5 /home/BrondoL/Internship/SEVIMA_Internship/system/CodeIgniter.php(336): CodeIgniter\CodeIgniter->handleRequest(NULL, Object(Config\Cache), false)
#6 /home/BrondoL/Internship/SEVIMA_Internship/public/index.php(37): CodeIgniter\CodeIgniter->run()
#7 /home/BrondoL/Internship/SEVIMA_Internship/system/Commands/Server/rewrite.php(45): require_once('/home/BrondoL/I...')
#8 {main}
CRITICAL - 2021-06-16 04:15:28 --> Invalid file: users/v_auth/.php
#0 /home/BrondoL/Internship/SEVIMA_Internship/system/View/View.php(213): CodeIgniter\Exceptions\FrameworkException::forInvalidFile('users/v_auth/.p...')
#1 /home/BrondoL/Internship/SEVIMA_Internship/system/Common.php(1271): CodeIgniter\View\View->render('users/v_auth/', Array, true)
#2 /home/BrondoL/Internship/SEVIMA_Internship/app/Controllers/Auth.php(9): view('users/v_auth/')
#3 /home/BrondoL/Internship/SEVIMA_Internship/system/CodeIgniter.php(928): App\Controllers\Auth->index()
#4 /home/BrondoL/Internship/SEVIMA_Internship/system/CodeIgniter.php(436): CodeIgniter\CodeIgniter->runController(Object(App\Controllers\Auth))
#5 /home/BrondoL/Internship/SEVIMA_Internship/system/CodeIgniter.php(336): CodeIgniter\CodeIgniter->handleRequest(NULL, Object(Config\Cache), false)
#6 /home/BrondoL/Internship/SEVIMA_Internship/public/index.php(37): CodeIgniter\CodeIgniter->run()
#7 /home/BrondoL/Internship/SEVIMA_Internship/system/Commands/Server/rewrite.php(45): require_once('/home/BrondoL/I...')
#8 {main}
CRITICAL - 2021-06-16 04:43:50 --> Invalid file: errors/html/error_40.php
#0 /home/BrondoL/Internship/SEVIMA_Internship/system/View/View.php(213): CodeIgniter\Exceptions\FrameworkException::forInvalidFile('errors/html/err...')
#1 /home/BrondoL/Internship/SEVIMA_Internship/system/Common.php(1271): CodeIgniter\View\View->render('errors/html/err...', Array, true)
#2 /home/BrondoL/Internship/SEVIMA_Internship/app/Controllers/Auth.php(68): view('errors/html/err...')
#3 /home/BrondoL/Internship/SEVIMA_Internship/system/CodeIgniter.php(928): App\Controllers\Auth->validasi()
#4 /home/BrondoL/Internship/SEVIMA_Internship/system/CodeIgniter.php(436): CodeIgniter\CodeIgniter->runController(Object(App\Controllers\Auth))
#5 /home/BrondoL/Internship/SEVIMA_Internship/system/CodeIgniter.php(336): CodeIgniter\CodeIgniter->handleRequest(NULL, Object(Config\Cache), false)
#6 /home/BrondoL/Internship/SEVIMA_Internship/public/index.php(37): CodeIgniter\CodeIgniter->run()
#7 /home/BrondoL/Internship/SEVIMA_Internship/system/Commands/Server/rewrite.php(45): require_once('/home/BrondoL/I...')
#8 {main}
CRITICAL - 2021-06-16 16:54:43 --> Undefined property: App\Controllers\Auth::$UsersModel
#0 /home/BrondoL/Internship/SEVIMA_Internship/app/Controllers/Auth.php(30): CodeIgniter\Debug\Exceptions->errorHandler(8, 'Undefined prope...', '/home/BrondoL/I...', 30, Array)
#1 /home/BrondoL/Internship/SEVIMA_Internship/system/CodeIgniter.php(928): App\Controllers\Auth->validasi()
#2 /home/BrondoL/Internship/SEVIMA_Internship/system/CodeIgniter.php(436): CodeIgniter\CodeIgniter->runController(Object(App\Controllers\Auth))
#3 /home/BrondoL/Internship/SEVIMA_Internship/system/CodeIgniter.php(336): CodeIgniter\CodeIgniter->handleRequest(NULL, Object(Config\Cache), false)
#4 /home/BrondoL/Internship/SEVIMA_Internship/public/index.php(37): CodeIgniter\CodeIgniter->run()
#5 /home/BrondoL/Internship/SEVIMA_Internship/system/Commands/Server/rewrite.php(45): require_once('/home/BrondoL/I...')
#6 {main}
CRITICAL - 2021-06-16 16:54:45 --> Undefined property: App\Controllers\Auth::$UsersModel
#0 /home/BrondoL/Internship/SEVIMA_Internship/app/Controllers/Auth.php(30): CodeIgniter\Debug\Exceptions->errorHandler(8, 'Undefined prope...', '/home/BrondoL/I...', 30, Array)
#1 /home/BrondoL/Internship/SEVIMA_Internship/system/CodeIgniter.php(928): App\Controllers\Auth->validasi()
#2 /home/BrondoL/Internship/SEVIMA_Internship/system/CodeIgniter.php(436): CodeIgniter\CodeIgniter->runController(Object(App\Controllers\Auth))
#3 /home/BrondoL/Internship/SEVIMA_Internship/system/CodeIgniter.php(336): CodeIgniter\CodeIgniter->handleRequest(NULL, Object(Config\Cache), false)
#4 /home/BrondoL/Internship/SEVIMA_Internship/public/index.php(37): CodeIgniter\CodeIgniter->run()
#5 /home/BrondoL/Internship/SEVIMA_Internship/system/Commands/Server/rewrite.php(45): require_once('/home/BrondoL/I...')
#6 {main}
CRITICAL - 2021-06-16 16:54:45 --> Undefined property: App\Controllers\Auth::$UsersModel
#0 /home/BrondoL/Internship/SEVIMA_Internship/app/Controllers/Auth.php(30): CodeIgniter\Debug\Exceptions->errorHandler(8, 'Undefined prope...', '/home/BrondoL/I...', 30, Array)
#1 /home/BrondoL/Internship/SEVIMA_Internship/system/CodeIgniter.php(928): App\Controllers\Auth->validasi()
#2 /home/BrondoL/Internship/SEVIMA_Internship/system/CodeIgniter.php(436): CodeIgniter\CodeIgniter->runController(Object(App\Controllers\Auth))
#3 /home/BrondoL/Internship/SEVIMA_Internship/system/CodeIgniter.php(336): CodeIgniter\CodeIgniter->handleRequest(NULL, Object(Config\Cache), false)
#4 /home/BrondoL/Internship/SEVIMA_Internship/public/index.php(37): CodeIgniter\CodeIgniter->run()
#5 /home/BrondoL/Internship/SEVIMA_Internship/system/Commands/Server/rewrite.php(45): require_once('/home/BrondoL/I...')
#6 {main}
CRITICAL - 2021-06-16 16:55:09 --> Undefined property: App\Controllers\Auth::$UsersModel
#0 /home/BrondoL/Internship/SEVIMA_Internship/app/Controllers/Auth.php(30): CodeIgniter\Debug\Exceptions->errorHandler(8, 'Undefined prope...', '/home/BrondoL/I...', 30, Array)
#1 /home/BrondoL/Internship/SEVIMA_Internship/system/CodeIgniter.php(928): App\Controllers\Auth->validasi()
#2 /home/BrondoL/Internship/SEVIMA_Internship/system/CodeIgniter.php(436): CodeIgniter\CodeIgniter->runController(Object(App\Controllers\Auth))
#3 /home/BrondoL/Internship/SEVIMA_Internship/system/CodeIgniter.php(336): CodeIgniter\CodeIgniter->handleRequest(NULL, Object(Config\Cache), false)
#4 /home/BrondoL/Internship/SEVIMA_Internship/public/index.php(37): CodeIgniter\CodeIgniter->run()
#5 /home/BrondoL/Internship/SEVIMA_Internship/system/Commands/Server/rewrite.php(45): require_once('/home/BrondoL/I...')
#6 {main}
CRITICAL - 2021-06-16 16:55:09 --> Undefined property: App\Controllers\Auth::$UsersModel
#0 /home/BrondoL/Internship/SEVIMA_Internship/app/Controllers/Auth.php(30): CodeIgniter\Debug\Exceptions->errorHandler(8, 'Undefined prope...', '/home/BrondoL/I...', 30, Array)
#1 /home/BrondoL/Internship/SEVIMA_Internship/system/CodeIgniter.php(928): App\Controllers\Auth->validasi()
#2 /home/BrondoL/Internship/SEVIMA_Internship/system/CodeIgniter.php(436): CodeIgniter\CodeIgniter->runController(Object(App\Controllers\Auth))
#3 /home/BrondoL/Internship/SEVIMA_Internship/system/CodeIgniter.php(336): CodeIgniter\CodeIgniter->handleRequest(NULL, Object(Config\Cache), false)
#4 /home/BrondoL/Internship/SEVIMA_Internship/public/index.php(37): CodeIgniter\CodeIgniter->run()
#5 /home/BrondoL/Internship/SEVIMA_Internship/system/Commands/Server/rewrite.php(45): require_once('/home/BrondoL/I...')
#6 {main}
CRITICAL - 2021-06-16 16:55:10 --> Undefined property: App\Controllers\Auth::$UsersModel
#0 /home/BrondoL/Internship/SEVIMA_Internship/app/Controllers/Auth.php(30): CodeIgniter\Debug\Exceptions->errorHandler(8, 'Undefined prope...', '/home/BrondoL/I...', 30, Array)
#1 /home/BrondoL/Internship/SEVIMA_Internship/system/CodeIgniter.php(928): App\Controllers\Auth->validasi()
#2 /home/BrondoL/Internship/SEVIMA_Internship/system/CodeIgniter.php(436): CodeIgniter\CodeIgniter->runController(Object(App\Controllers\Auth))
#3 /home/BrondoL/Internship/SEVIMA_Internship/system/CodeIgniter.php(336): CodeIgniter\CodeIgniter->handleRequest(NULL, Object(Config\Cache), false)
#4 /home/BrondoL/Internship/SEVIMA_Internship/public/index.php(37): CodeIgniter\CodeIgniter->run()
#5 /home/BrondoL/Internship/SEVIMA_Internship/system/Commands/Server/rewrite.php(45): require_once('/home/BrondoL/I...')
#6 {main}
CRITICAL - 2021-06-16 16:55:10 --> Undefined property: App\Controllers\Auth::$UsersModel
#0 /home/BrondoL/Internship/SEVIMA_Internship/app/Controllers/Auth.php(30): CodeIgniter\Debug\Exceptions->errorHandler(8, 'Undefined prope...', '/home/BrondoL/I...', 30, Array)
#1 /home/BrondoL/Internship/SEVIMA_Internship/system/CodeIgniter.php(928): App\Controllers\Auth->validasi()
#2 /home/BrondoL/Internship/SEVIMA_Internship/system/CodeIgniter.php(436): CodeIgniter\CodeIgniter->runController(Object(App\Controllers\Auth))
#3 /home/BrondoL/Internship/SEVIMA_Internship/system/CodeIgniter.php(336): CodeIgniter\CodeIgniter->handleRequest(NULL, Object(Config\Cache), false)
#4 /home/BrondoL/Internship/SEVIMA_Internship/public/index.php(37): CodeIgniter\CodeIgniter->run()
#5 /home/BrondoL/Internship/SEVIMA_Internship/system/Commands/Server/rewrite.php(45): require_once('/home/BrondoL/I...')
#6 {main}
CRITICAL - 2021-06-16 16:55:41 --> Undefined property: App\Controllers\Auth::$UsersModel
#0 /home/BrondoL/Internship/SEVIMA_Internship/app/Controllers/Auth.php(30): CodeIgniter\Debug\Exceptions->errorHandler(8, 'Undefined prope...', '/home/BrondoL/I...', 30, Array)
#1 /home/BrondoL/Internship/SEVIMA_Internship/system/CodeIgniter.php(928): App\Controllers\Auth->validasi()
#2 /home/BrondoL/Internship/SEVIMA_Internship/system/CodeIgniter.php(436): CodeIgniter\CodeIgniter->runController(Object(App\Controllers\Auth))
#3 /home/BrondoL/Internship/SEVIMA_Internship/system/CodeIgniter.php(336): CodeIgniter\CodeIgniter->handleRequest(NULL, Object(Config\Cache), false)
#4 /home/BrondoL/Internship/SEVIMA_Internship/public/index.php(37): CodeIgniter\CodeIgniter->run()
#5 /home/BrondoL/Internship/SEVIMA_Internship/system/Commands/Server/rewrite.php(45): require_once('/home/BrondoL/I...')
#6 {main}
CRITICAL - 2021-06-16 16:55:41 --> Undefined property: App\Controllers\Auth::$UsersModel
#0 /home/BrondoL/Internship/SEVIMA_Internship/app/Controllers/Auth.php(30): CodeIgniter\Debug\Exceptions->errorHandler(8, 'Undefined prope...', '/home/BrondoL/I...', 30, Array)
#1 /home/BrondoL/Internship/SEVIMA_Internship/system/CodeIgniter.php(928): App\Controllers\Auth->validasi()
#2 /home/BrondoL/Internship/SEVIMA_Internship/system/CodeIgniter.php(436): CodeIgniter\CodeIgniter->runController(Object(App\Controllers\Auth))
#3 /home/BrondoL/Internship/SEVIMA_Internship/system/CodeIgniter.php(336): CodeIgniter\CodeIgniter->handleRequest(NULL, Object(Config\Cache), false)
#4 /home/BrondoL/Internship/SEVIMA_Internship/public/index.php(37): CodeIgniter\CodeIgniter->run()
#5 /home/BrondoL/Internship/SEVIMA_Internship/system/Commands/Server/rewrite.php(45): require_once('/home/BrondoL/I...')
#6 {main}
CRITICAL - 2021-06-16 16:55:42 --> Undefined property: App\Controllers\Auth::$UsersModel
#0 /home/BrondoL/Internship/SEVIMA_Internship/app/Controllers/Auth.php(30): CodeIgniter\Debug\Exceptions->errorHandler(8, 'Undefined prope...', '/home/BrondoL/I...', 30, Array)
#1 /home/BrondoL/Internship/SEVIMA_Internship/system/CodeIgniter.php(928): App\Controllers\Auth->validasi()
#2 /home/BrondoL/Internship/SEVIMA_Internship/system/CodeIgniter.php(436): CodeIgniter\CodeIgniter->runController(Object(App\Controllers\Auth))
#3 /home/BrondoL/Internship/SEVIMA_Internship/system/CodeIgniter.php(336): CodeIgniter\CodeIgniter->handleRequest(NULL, Object(Config\Cache), false)
#4 /home/BrondoL/Internship/SEVIMA_Internship/public/index.php(37): CodeIgniter\CodeIgniter->run()
#5 /home/BrondoL/Internship/SEVIMA_Internship/system/Commands/Server/rewrite.php(45): require_once('/home/BrondoL/I...')
#6 {main}
CRITICAL - 2021-06-16 16:57:53 --> Undefined property: App\Controllers\Auth::$usersModel
#0 /home/BrondoL/Internship/SEVIMA_Internship/app/Controllers/Auth.php(15): CodeIgniter\Debug\Exceptions->errorHandler(8, 'Undefined prope...', '/home/BrondoL/I...', 15, Array)
#1 /home/BrondoL/Internship/SEVIMA_Internship/system/CodeIgniter.php(928): App\Controllers\Auth->index()
#2 /home/BrondoL/Internship/SEVIMA_Internship/system/CodeIgniter.php(436): CodeIgniter\CodeIgniter->runController(Object(App\Controllers\Auth))
#3 /home/BrondoL/Internship/SEVIMA_Internship/system/CodeIgniter.php(336): CodeIgniter\CodeIgniter->handleRequest(NULL, Object(Config\Cache), false)
#4 /home/BrondoL/Internship/SEVIMA_Internship/public/index.php(37): CodeIgniter\CodeIgniter->run()
#5 /home/BrondoL/Internship/SEVIMA_Internship/system/Commands/Server/rewrite.php(45): require_once('/home/BrondoL/I...')
#6 {main}
CRITICAL - 2021-06-16 20:34:25 --> Too few arguments to function App\Controllers\Profile::index(), 0 passed in /home/BrondoL/Internship/SEVIMA_Internship/system/CodeIgniter.php on line 928 and exactly 1 expected
#0 /home/BrondoL/Internship/SEVIMA_Internship/system/CodeIgniter.php(928): App\Controllers\Profile->index()
#1 /home/BrondoL/Internship/SEVIMA_Internship/system/CodeIgniter.php(436): CodeIgniter\CodeIgniter->runController(Object(App\Controllers\Profile))
#2 /home/BrondoL/Internship/SEVIMA_Internship/system/CodeIgniter.php(336): CodeIgniter\CodeIgniter->handleRequest(NULL, Object(Config\Cache), false)
#3 /home/BrondoL/Internship/SEVIMA_Internship/public/index.php(37): CodeIgniter\CodeIgniter->run()
#4 /home/BrondoL/Internship/SEVIMA_Internship/system/Commands/Server/rewrite.php(45): require_once('/home/BrondoL/I...')
#5 {main}
CRITICAL - 2021-06-16 21:06:32 --> Undefined property: App\Controllers\Profile::$usersModel
#0 /home/BrondoL/Internship/SEVIMA_Internship/app/Controllers/Profile.php(9): CodeIgniter\Debug\Exceptions->errorHandler(8, 'Undefined prope...', '/home/BrondoL/I...', 9, Array)
#1 /home/BrondoL/Internship/SEVIMA_Internship/system/CodeIgniter.php(928): App\Controllers\Profile->index('brondol')
#2 /home/BrondoL/Internship/SEVIMA_Internship/system/CodeIgniter.php(436): CodeIgniter\CodeIgniter->runController(Object(App\Controllers\Profile))
#3 /home/BrondoL/Internship/SEVIMA_Internship/system/CodeIgniter.php(336): CodeIgniter\CodeIgniter->handleRequest(NULL, Object(Config\Cache), false)
#4 /home/BrondoL/Internship/SEVIMA_Internship/public/index.php(37): CodeIgniter\CodeIgniter->run()
#5 /home/BrondoL/Internship/SEVIMA_Internship/system/Commands/Server/rewrite.php(45): require_once('/home/BrondoL/I...')
#6 {main}
CRITICAL - 2021-06-16 21:06:49 --> Call to a member function getRowArray() on null
#0 /home/BrondoL/Internship/SEVIMA_Internship/system/CodeIgniter.php(928): App\Controllers\Profile->index('brondol')
#1 /home/BrondoL/Internship/SEVIMA_Internship/system/CodeIgniter.php(436): CodeIgniter\CodeIgniter->runController(Object(App\Controllers\Profile))
#2 /home/BrondoL/Internship/SEVIMA_Internship/system/CodeIgniter.php(336): CodeIgniter\CodeIgniter->handleRequest(NULL, Object(Config\Cache), false)
#3 /home/BrondoL/Internship/SEVIMA_Internship/public/index.php(37): CodeIgniter\CodeIgniter->run()
#4 /home/BrondoL/Internship/SEVIMA_Internship/system/Commands/Server/rewrite.php(45): require_once('/home/BrondoL/I...')
#5 {main}
CRITICAL - 2021-06-16 22:30:31 --> Undefined variable: foto
#0 /home/BrondoL/Internship/SEVIMA_Internship/app/Views/users/v_profile/upload.php(15): CodeIgniter\Debug\Exceptions->errorHandler(8, 'Undefined varia...', '/home/BrondoL/I...', 15, Array)
#1 /home/BrondoL/Internship/SEVIMA_Internship/system/View/View.php(230): include('/home/BrondoL/I...')
#2 /home/BrondoL/Internship/SEVIMA_Internship/system/View/View.php(232): CodeIgniter\View\View->CodeIgniter\View\{closure}()
#3 /home/BrondoL/Internship/SEVIMA_Internship/system/Common.php(1271): CodeIgniter\View\View->render('users/v_profile...', Array, true)
#4 /home/BrondoL/Internship/SEVIMA_Internship/app/Controllers/Profile.php(23): view('users/v_profile...')
#5 /home/BrondoL/Internship/SEVIMA_Internship/system/CodeIgniter.php(928): App\Controllers\Profile->form_upload()
#6 /home/BrondoL/Internship/SEVIMA_Internship/system/CodeIgniter.php(436): CodeIgniter\CodeIgniter->runController(Object(App\Controllers\Profile))
#7 /home/BrondoL/Internship/SEVIMA_Internship/system/CodeIgniter.php(336): CodeIgniter\CodeIgniter->handleRequest(NULL, Object(Config\Cache), false)
#8 /home/BrondoL/Internship/SEVIMA_Internship/public/index.php(37): CodeIgniter\CodeIgniter->run()
#9 /home/BrondoL/Internship/SEVIMA_Internship/system/Commands/Server/rewrite.php(45): require_once('/home/BrondoL/I...')
#10 {main}
